<?xml version="1.0" encoding="UTF-8"?>
<!-- Generated by org.testng.reporters.JUnitReportReporter -->
<testsuite hostname="DESKTOP-MIMVMT4" failures="0" tests="1" name="testCases.TC_001_AccountRegistrationTest" time="5.627" errors="0" timestamp="2025-03-31T17:51:23 IST" skipped="0">
  <testcase classname="testCases.TC_001_AccountRegistrationTest" name="verifyAccountRegistration" time="5.627"/>
</testsuite> <!-- testCases.TC_001_AccountRegistrationTest -->
